注目	a'a
謹聴	a'a
無愛想	a'acu'i
無頓着	a'acu'i
忌避	a'anai
注意	a'e
警戒	a'e
消耗	a'enai
志向	ai
努力	a'i
余裕	a'icu'i
不断	aicu'i
無為	ainai
休息	a'inai
希望	a'o
絶望	a'onai
欲望	au
欲求	au
興味	a'u
関心	a'u
無関心	a'ucu'i
無欲求	aucu'i
抵抗	aunai
反感	a'unai_1
予期	ba'a
経験	ba'acu'i
回想	ba'anai
バナナの種類 : 種、品種	badna_2
もみあげ	bafcolkercrakre_1
もみあげを生やしている者	bafcolkercrakre_2
かけっこ	bajyjvi
マラソン	bajyjvi
かけくらべ	bajyjvi
中距離走	bajyjvi
徒競走	bajyjvi
短距離走	bajyjvi
長距離走	bajyjvi
ベランダ	balni
バルコニー	balni
張り出し : 構造	balni
スーパー : 量販店	balzai
デパート	balzai
ホームセンター	balzai
スーパーセンター	balzai
ショッピングモール	balzai
スーパーマーケット	balzai
ショッピングセンター	balzai
デパートメントストア	balzai
ディスカウントショップ	balzai
ゼネラルマーチャンダイズストア	balzai
百貨店	balzai
総合スーパー	balzai
にほんご	banjupunu
日本語	banjupunu
出る : 外へ出る	barkla
出ていく	barkla
出てくる	barkla
出て来る	barkla
出て行く	barkla
外出 : 外へ出る	barkla
外出方法	barkla_4
外出経路	barkla_3
外出者	barkla_1
外出起点	barkla_2
退出 : 外へ出る	barkla
去る : 外へ離れる	barli'a
辞する : 外へ去る	barli'a
退出 : 外へ去る	barli'a
退室 : 外へ去る	barli'a
退席 : 外へ去る	barli'a
オオムギ : 穀粒	bavmi_1
大麦 : 穀粒	bavmi
麦湯	bavmyckafi
麦茶	bavmyckafi
銀行員	baxseljibri
北風	berbi'e
必要	be'u
欠如	be'u
有	be'ucu'i
充溢	be'unai
蜂蜜	bicysakta_1
壷	botpi
容器	botpi
シーツ	boxfo
シート	boxfo
枚	boxfo
命題 : 論理学	bridi_1
述語 : 論理学	bridi_2
項の列 : 論理学	bridi_3
3階 : 述語論理	bu'ai
高階 : 述語論理	bu'ai
感じ始め	bu'o
まだ感じて	bu'ocu'i
もう感じず	bu'onai
今日	cabdei
同日	cabdei
本日	cabdei
時間 : 時間長の単位	cacra
定義	ca'e
烈	cai
交換 : 所有権の取引	canja
投機家	canja
物々交換	canja
相場師	canja
貿易業者	canja
神聖	censa
聖なる	censa
文章表現 : 書いて表現する	ci'asku
書いて表現する	ci'asku
弁当 : 食品	cidjrbentou
革命	ci'ernunbi'o
弁明	ciksi
解説	ciksi
説明	ciksi
細い	cinla
薄い	cinla
ペンチ	cinza
やっとこ	cinza
ピンセット	cinza
洗濯バサミ	cinza
箸	cinza
ウグイス	cipnrxororni
テスト	cipra
実験	cipra
試験	cipra
システム	ciste_1
体系	ciste
出版 : 製本	ckupra
製本	ckupra
山	cmana_1
平均値	cnano_1
標準	cnano
同感	cnijbi
共感	cnikansa
ブラウス	creka
上着	creka
けいこ : 稽古	crezenzu'e
おさらい : 練習	crezenzu'e
トレーニング	crezenzu'e
修練	crezenzu'e
演習	crezenzu'e
稽古	crezenzu'e
練磨	crezenzu'e
練習	crezenzu'e
習練	crezenzu'e
訓練	crezenzu'e
調練	crezenzu'e
鍛える : 練習する	crezenzu'e
鍛錬	crezenzu'e
妖精	crida
神話上のキャラクター	crida
中性 : 尺度	cu'i
キビ : 穀粒	cunmi_1
黍 : 穀粒	cunmi
ランダム	cunso
無作為	cunso
ブーツ	cutci
つなぎ : オーバーオール	cutygaipalku
サロペット	cutygaipalku
オーバーオール	cutygaipalku
解答	danfu_1
返事	danfu
ワルツ : ダンス	dansrvalze
ダンス	dansu
踊る	dansu
ひったくる : 物品	daskyle'a
スリをする : 物品	daskyle'a
奪う : 物品	daskyle'a
強奪する : 物品	daskyle'a
盗む : 物品	daskyle'a
着る : 着ている	dasni
デカ : 10の指数	dekto
十 : 10の指数	dekto
地上	dergapru
周年	detke'u
周忌	detke'u
命日	detke'u
回忌	detke'u
記念日	detke'u
誕生日	detke'u
充電する	dicysabji
給電する	dicysabji
電力供給する	dicysabji
ラドン	dircynavni_1
Rn : ラドン	dircynavni
新聞 : 日刊紙	djekarni
日刊紙	djekarni
欲する	djica
水素 : 化学	drojbama
水素爆弾 : 爆弾	drojbama
爆弾	drojbama
与える	dunda
許可	e'a
禁止	e'anai
奨励	e'e
阻止	e'enai
義務	ei
制約	e'i
放任	e'inai
要請	e'o
提供	e'onai
提案	e'u
放棄	e'ucu'i
警告	e'unai
冒険 : 陸地の探検	faktumli'u
実地踏査 : 陸地の探険	faktumli'u
探査 : 陸地の探検	faktumli'u
探検 : 陸地の探検	faktumli'u
探検家 : 陸地の探検	faktumli'u
探索 : 陸地の探検	faktumli'u
探険 : 陸地の探険	faktumli'u
検分 : 陸地の探検	faktumli'u
調査 : 陸地の探険	faktumli'u
踏査 : 陸地の探検	faktumli'u
帆	falnu_1
帆走	falnu_3
キセノン	fangynavni_1
Xe : キセノン	fangynavni
工場	fanri_1
工場で使われる材料	fanri_3
工場で製造されるもの	fanri_2
翻訳書	fanvycukta
訳書	fanvycukta
訳本	fanvycukta
落ちる	farlu
落下	farlu
実際 : 現実	fatci
本当 : 仮ではない	fatci
現実	fatci_1
ごめん : 許しを請う	fau'u
ごめんなさい : 許しを請う	fau'u
許して	fau'u
作られる料理	febjukpa_2
炊く : 料理	febjukpa
煮る : 料理	febjukpa
調理の圧力	febjukpa_5
調理の温度	febjukpa_4
調理で用いる液体	febjukpa_3
ようこそ	fi'i'e
コンビニ	filzai
コンビニエンスストア	filzai
政党 : 議会政党	flajecyxlube'e
議会政党	flajecyxlube'e
審議	flakamni
議会	flakamni_1
議案	flakamni_2
押し流す	fleca'e_1
流される	fleca'e_2
電話する : 通信	fongau
イチゴ	fragari_1
有理数 : 実数	frinyna'u
簡単	fu'i
困難	fu'inai
ステンレス	furjargasta_1
責任	fuzme
上位	ga'i
タメ	ga'icu'i
下位	ga'inai
到達されないもの : 閉鎖によって	ganlo_2
通れないもの : 閉鎖によって	ganlo_3
閉じているもの : 通過を妨げるもの	ganlo_1
閉鎖	ganlo
鋼鉄	gasta
錯覚	gastcica_1
錯覚する	gastcica_2
不特定の感情	ge'e
不特定の態度	ge'e
しょうふ : 娼婦	gleve'u
だんしょう : 男娼	gleve'u
ばいしゅん : 売春	gleve'u
ばいしゅんふ : 売春婦	gleve'u
売春	gleve'u
売春婦	gleve'u
売春婦・男娼	gleve'u_1
売春・買春の代償・値段	gleve'u_3
娼婦	gleve'u
男娼	gleve'u
買春者	gleve'u_2
英語	glico
共産主義 : 生産手段共有化の思想	gubgudytrusi'o
共産主義／社会主義 : 生産手段共有化の思想	gubgudytrusi'o_1
共産主義／社会主義により統治される民衆／領土 : 生産手段共有化の思想により統治される民衆／領土	gubgudytrusi'o_2
共産主義者／社会主義者 : 生産手段共有化の思想家	gubgudytrusi'o_3
社会主義 : 生産手段共有化の思想	gubgudytrusi'o
中国	gugdecunu_1
中国人	gugdecunu_2
にほん : 日本	gugdejupu
にっぽん : 日本	gugdejupu
ニッポン : 日本	gugdejupu
日本	gugdejupu_1
日本人	gugdejupu_2
ガン : 鳥	gunse
ガチョウ	gunse
雁	gunse
鵞鳥	gunse
信念	ia
受容	i'a
懐疑	iacu'i
不信	ianai
叱責	i'anai
同意	ie
賛成	ie
喝采	i'e
承認	i'e
是認	i'e
認める	i'e
保留	i'ecu'i
不賛成	ienai
非難	i'enai
恐怖	ii
連帯	i'i
安全	iinai
内密	i'inai
尊敬	io
鑑賞	i'o
軽蔑	ionai
嫉妬	i'onai
好む	iu
愛好	iu
既知	i'u
カワイイ	iumle
可愛い	iumle
憎悪	iunai
未知	i'unai
鈴 : 丸い鈴	jabyboi
マーカー : ペン	jacre'ipenbi
油性ペン	jacre'ipenbi
つまり	ja'o
したがって	ja'o
要するに	ja'o
上水道 : 水道管	jaursabytu'u
中水道 : 水道管	jaursabytu'u
水道管 : 上水道や中水道の水道管	jaursabytu'u
給水管	jaursabytu'u
給水設備 : 給水管	jaursabytu'u
蛇口 : 水道の蛇口	jaursabytu'uvro
出生	jbena
出生地 : 出身地	jbena_5
出生時刻 : 誕生時刻	jbena_4
生まれ	jbena
生まれたもの	jbena_1
生年月日	jbena_3
生年月日 : 誕生日	jbena_3
産みの親	jbena_2
決める	jdice
価格	jdima
値段	jdima
政治 : 政体に関わるもの	jecra'a
政治的 : 政体に関わるもの	jecra'a
役所	jecybriju_1
役所の職員	jecybriju_2
役所の行政区域	jecybriju_3
利益団体	jecyxlube'e
圧力団体	jecyxlube'e
政治団体	jecyxlube'e
本当 : 嘘ではない	jetnu
真 : 偽ではない	jetnu_1
分類 : 自閉症の分類	jikmenbi'a_2
症状 : 自閉症の症状	jikmenbi'a_3
自閉症	jikmenbi'a
自閉症の者	jikmenbi'a_1
アルカリ	jilka
塩基 : 化学	jilka
分かる	jimpe
理解する	jimpe
ベリリウム	jinmrberilo_1
Be : 元素	jinmrberilo
クロム	jinmrkromi
Cr : 元素	jinmrkromi
ニオブ	jinmrniobi_1
Nb : 元素	jinmrniobi
Nb : 原子記号	jinmrniobi
Pt : 原子記号	jinmrplati
Pt : 元素	jinmrplati
白金	jinmrplati_1
チタン	jinmrtitani_1
Ti : 元素記号	jinmrtitani
Ti : 元素	jinmrtitani
ハフニウム	jinmrxafni_1
Hf : 元素	jinmrxafni
Hf : 原子記号	jinmrxafni
思う	jinvi
考える	jinvi
なれずし	jirvi'odja
ピクルス	jirvi'odja
漬物	jirvi'odja
偽 : 真ではない	jitfa_1
嘘 : 真ではない	jitfa
虚構 : 真ではない	jitfa
加える	jmina_1
追加	jmina
ロジバン・パーサのバージョン	jo'au
ロジバン・パーサの方言	jo'au
宣言	ju'a
提言	ju'a
言っておくけど	ju'a
レシピ : 料理	jukpa_3
料理 : 料理の結果、できたもの	jukpa_2
料理する	jukpa
料理人	jukpa_1
まちがいなく	ju'o
確かに	ju'o
確信	ju'o
わからない	ju'ocu'i
不確信	ju'ocu'i
不可能	ju'onai
無知	ju'onai
写真	kacmyxra
制限対象 : 身体障害、知的障害又は精神障害があるため制限を受ける事	ka'enri'u_3
障がいのある人	ka'enri'u
障がい児 : 障がい者	ka'enri'u
障害 : 身体障害、知的障害又は精神障害	ka'enri'u_2
障害児 : 障害者	ka'enri'u
障害者	ka'enri'u_1
障がいのある方	ka'enri'u
障碍者	ka'enri'u
障がい者	ka'enri'u
通過先 : 開口部を通り抜けた先	kalri_2
通過者 : 開口部を通り抜けるもの	kalri_3
開く	kalri
開いているもの	kalri_1
保つ : 熱	kamglara'e
保温する : 熱	kamglara'e
保熱する : 熱	kamglara'e
文化的知識	ka'u
ケーキ : 焼き菓子	kenka_1
ケーキの作り方	kenka_3
ケーキの材料	kenka_2
困惑 : 逐語的	ki'a
臨時の間投詞	ki'ai
理解 : 逐語的	ki'anai
インターネット	kibro
サイバースペース	kibro
サーバ : インターネット	kibyse'u_1
サービス : インターネット	kibyse'u_3
クライアント : インターネット	kibyse'u_2
鋭い	kinli
鋭利	kinli
往復する	klakla
往来	klama
行き先	klama_2
行く者／来る者	klama_1
命令	ko'oi
曲 : 曲がっている	korcu
歪	korcu
加害者 : 虐め	kuskei_1
虐める	kuskei
被害者 : 虐め	kuskei_2
クレーン船	lafydadblo
クレーン : 移動式クレーン（運搬機）	lafydadma'e
移動式クレーン : 運搬機	lafydadma'e
クレーン : クレーン車	lafydadykarce
トラッククレーン	lafydadykarce
ホイールクレーン	lafydadykarce
クローラークレーン	lafydadykarce
ラフテレーンクレーン	lafydadykarce
オールテレーンクレーン	lafydadykarce
トラック搭載型クレーン	lafydadykarce
クレーン車	lafydadykarce
池	lalxu
沼	lalxu
湖	lalxu
アートギャラリー	larmuzga
アルゴン	laznynavni_1
Ar : アルゴン	laznynavni
ままごと : 遊び	lazyzukykei
レンズ	lenjo
攻勢	le'o
獰猛	le'o
罵倒	le'o
無抵抗 : 攻撃	le'ocu'i
守勢	le'onai
遅い	lerci
フッ素 : 化学	li'orkliru_1
作者／話者 : 物語の作者／話者	lisri_3
物語	lisri_1
物語の内容 : 物語の題目や筋書き、教訓	lisri_2
聴者 : 物語の聴者	lisri_4
複素数	lujna'u
汚れ : 洗い落とされるもの	lumci_3
汚れもの : 洗う対象	lumci_2
洗う	lumci_1
凝結	lunsa
クソ野郎	mabla
魔法	makfa
ジャンクフード	maldja
オート : 穀粒	mavji
カラスムギ : 穀粒	mavji_1
コムギ : 穀粒	maxri_1
小麦 : 穀粒	maxri
かわいい	melbi
みめよい	melbi
ハンサムな	melbi
美しい	melbi
症状 : 精神疾患による症状	menbi'a_3
精神疾患	menbi'a_2
精神障がいのある人	menbi'a
精神障害	menbi'a
精神障害者	menbi'a_1
精神障がいのある方	menbi'a
精神障碍者	menbi'a
精神障がい者	menbi'a
制限対象 : 知的障害があるため制限を受ける事	menri'u_3
知的障がいのある人	menri'u
知的障がい児 : 知的障がい者	menri'u
知的障害	menri'u_2
知的障害児 : 知的障害者	menri'u
知的障害者	menri'u_1
知的障がいのある方	menri'u
知的障碍者	menri'u
知的障がい者	menri'u
医薬品	micyxu'i
薬 : 医薬品	micyxu'i
薬品 : 医薬品	micyxu'i
機械	minji
クリプトン	mipnavni_1
Kr : クリプトン	mipnavni
有名	misno
猫	mlatu
劣る	mleca
ライムギ : 穀粒	mraji_1
ライ麦 : 穀粒	mraji
実数 : 複素数	mrena'u
郵便局	mribriju_1
郵便局員	mribriju_2
例えば	mu'a
例を挙げるまでもなく	mu'acu'i
など : 例示終わり	mu'anai
例示終わり	mu'anai
五言律詩	mumvlabivli'i_1
五言絶句	mumvlavonli'i_1
平仄	mumvlavonli'i_2
韻	mumvlavonli'i_3
イタチ	mustlei
すごい	mutce
とても	mutce
凄い	mutce
動く : 移動	muvdu
動かして押す	muvyca'e
押して動かす	muvyca'e
押し動かす	muvyca'e
動かして引く	muvycpu
動かして引っ張る	muvycpu
動かし引っ張る	muvycpu
引いて動かす	muvycpu
引き動かす	muvycpu
引っ張って動かす	muvycpu
うろつく	muvzva
徘徊	muvzva
博物館	muzga
美術館	muzga
ギャラリー : 部屋	muzyku'a
展示室	muzyku'a
休業日	nalgundei
運休日	nalgundei
非労働日	nalgundei
パン : 食品	nanba_1
南風	nanbi'e
ジャメヴ : jamais-vu	narprugastcica
ジャメヴュ : jamais-vu	narprugastcica
未視感 : jamais-vu	narprugastcica
だんな : 男性配偶者	nauspe
だんな	nauspe
主人	nauspe
主人 : 男性配偶者	nauspe
亭主 : 男性配偶者	nauspe
亭主	nauspe
夫	nauspe
旦那	nauspe
旦那 : 男性配偶者	nauspe
男性配偶者	nauspe
貴ガス	navni
鼻	nazbi
中	nenri_1
内蔵する	nenri_2
内部	nenri
ヨメ : 女性配偶者	nimspe
カミさん : 女性配偶者	nimspe
奥さん : 女性配偶者	nimspe
奥様 : 女性配偶者	nimspe
女性配偶者	nimspe
女房	nimspe
妻	nimspe
嫁 : 女性配偶者	nimspe
家内 : 女性配偶者	nimspe
ネオン	ninynavni_1
Ne : ネオン	ninynavni
メモ	notci
メッセージ	notci
覚え書き	notci
通知	notci
授業	nunctu
授業方法／講義方法	nunctu_6
授業科目／講義科目 : 授業の題目	nunctu_5
授業／講義	nunctu_1
授業／講義の学生／生徒／受講者	nunctu_3
授業／講義で教わること : 授業の命題	nunctu_4
授業／講義の教員／教師／講師	nunctu_2
講義	nunctu
保健 : 健康管理	nunka'oku'i
健康管理	nunka'oku'i
医療 : 健康管理	nunka'oku'i
衛生 : 健康管理	nunka'oku'i
保健所	nunka'okujbriju_1
保健所の職員	nunka'okujbriju_2
誇り	o'a
謙遜	o'acu'i
恥すかしい	o'anai
恥辱	o'anai
親しみ	o'e
親近	o'e
身近	o'e
隔絶	o'enai
不快	oi
不満	oi
用心	o'i
快適	oinai
いいから : 軽率	o'inai
焦る	o'inai
軽率	o'inai
寛容	o'o
構わない : 寛容	o'o
許容	o'o
我慢	o'ocu'i
辛抱	o'ocu'i
憤怒	o'onai
くつろぎ	o'u
平常心	o'ucu'i
平静	o'ucu'i
落ち着く	o'ucu'i
ストレス : 心	o'unai
心配	o'unai
緊張	o'unai
希望する	pacna
望む	pacna
期待する	pacna
願う	pacna
公平	pa'e
公正	pa'e
偏見	pa'enai
贔屓	pa'enai
判断する	pajni
審判	pajnjalge
判決	pajnyjalge
ズボンつり	pakydadysri
サスペンダー	pakydadysri
ズボン吊り	pakydadysri
吊りバンド	pakydadysri
父親	patfu
？	pau
疑問符	pau
修辞的疑問	paunai
長男	pavmoibe'a
長女	pavmoiti'u
心態疑問	pei
思考	pe'i
意見	pe'i
考え	pe'i
ペン	penbi
筆	penbi
思いやり	pesku'i
だけ	po'o
たった : これだけ	po'o
ほんの	po'o
資本	pracmu_1
愛する	prami
愛情	prami
問い	preti
質問	preti
大衆	prevrici
塑像	prexra
彫像	prexra
肖像	prexra
肖像画	prexra
デジャヴ : dj-vu	prugastcica
デジャヴュ : dj-vu	prugastcica
既視感 : dj-vu	prugastcica
粉	purmo
粉末	purmo
ラジアン : 数量単位	radno
伝説	ranmi
神話	ranmi
rafsi	ra'oi
原子番号 : 化学	ratni_2
原子量 : 化学	ratni_3
原子 : 化学	ratyjbama
原子爆弾 : 爆弾	ratyjbama
核 : 化学	ratyjbama
爆発 : 化学	ratyjbama
特に	ra'u
同様に	ra'ucu'i
ついでながら	ra'unai
崇拝	re'e
冒涜	re'enai
二重丸	relcuktai_1
人形	remcalxra
人殺し : 加害者	remcatra_1
加害者 : 殺人	remcatra
害者 : 殺人被害者	remcatra_2
手口 : 殺人	remcatra_3
害者 : 殺人	remselcatra_1
殺す : 人	remselcatra_1
殺人	remselcatra_3
殺人する	remselcatra_3
殺害	remselcatra_2
殺害する	remselcatra_2
被害者 : 殺人	remselcatra
ドラゴン : 神	resycei
竜 : 神	resycei
龍 : 神	resycei
龍神	resycei
ドラゴン : 想像上の動物	resycrida
竜 : 想像上の動物	resycrida
龍 : 想像上の動物	resycrida
解放 : 心態	ri'e
抑制 : 心態	ri'enai
その : 照応	ri'oi
塩素 : 化学	ri'orkliru_1
コメ : 穀粒	rismi_1
米 : 穀粒	rismi
のがれる : 避けて離れる	rivli'a
逃げる : 避けて離れる	rivli'a
逃亡 : 避けて去る	rivli'a
社交	ro'a
反社会的	ro'anai
知的	ro'e
精神的	ro'e
非精神的	ro'enai
感情	ro'i
無情	ro'inai
岩	rokci
岩石	rokci
石	rokci
めっき	romge
メッキ	romge
メッキされているもの	romge_1
メッキに用いられる金属	romge_2
身体的	ro'o
全 : 議論領域内	ro'oi
非身体的	ro'onai
厚い	rotsu
太い	rotsu
性的	ro'u
禁欲的	ro'unai
前提	ru'a
弱	ru'e
日本円 : 貨幣	rupnujupuje
日本円 : 金銭	rupnujupuje
日本円 : 金融	rupnujupuje
日本円 : 通貨	rupnujupuje
日本円 : 日本	rupnujupuje
編集挿入	sa'a
供給先	sabji_3
供給源	sabji_1
供給物	sabji_2
精確	sa'e
不精確	sa'enai
強	sai
必須	sarcu
簡潔	sa'u
厳密	sa'unai
独立	se'a
自己充足	se'a
自立	se'a
依存	se'anai
表現 : 文字列	sedu'u
自己本位	se'i
他人本位	se'inai
タンル・ユニット	selbrisle_1
セルブリの最小単位	selbrisle
タグ : 述語のタグ	selbritcita
述語のタグ	selbritcita
暗号化する : 暗号	selmifybi'o
貯蓄する	selsrodi'i
貯金する	selsrodi'i
内面的知	se'o
勘	se'o
悟り	se'o
自問自答	sezreispu
同様	si'a
うってかわって	si'anai
同志	sibykansa_1
西風	sicybi'e
雪だるま	si'ercalxra
雪像	si'ercalxra
尊い	sinma
尊敬対象／尊いもの : 誰かに尊敬されているもの	sinma_2
尊敬者 : 何かを尊敬している人	sinma_1
参照する	sitna
引用する	sitna
公開鍵 : 暗号	sivyckiku
秘密鍵 : 暗号	sivyckiku
ぱっち : 下着	sivypalku
パッチ : 下着	sivypalku
パンツ : 下着	sivypalku
ももひき : 下着	sivypalku
ショーツ : 下着	sivypalku
ステテコ	sivypalku
ステテコ : 下着	sivypalku
スパッツ : 下着	sivypalku
ズロース : 下着	sivypalku
パンティ : 下着	sivypalku
ブリーフ : 下着	sivypalku
トランクス : 下着	sivypalku
パンティー : 下着	sivypalku
ボクサーパンツ : 下着	sivypalku
ズボン下	sivypalku
ズボン下 : 下着	sivypalku
猿股	sivypalku
猿股 : 下着	sivypalku
申又	sivypalku
申又 : 下着	sivypalku
股引 : 下着	sivypalku
スカート : 衣服	skaci
古い	slabu_1
シリンダー	slanu
円柱 : 形状	slanu
成功	snada
達成	snada
ダイズ : 豆粒	sobde_1
大豆 : 豆粒	sobde
ヘリウム	solnavni_1
He : ヘリウム	solnavni
兵士	sonci
戦士	sonci
武士	sonci
軍人	sonci
モロコシ : 穀粒	sorgu_1
蜀黍 : 穀粒	sorgu
バス : 乗り物	sorprekarce
仮定する	sruma
想定する	sruma
個性	steci
一般には	su'a
特殊化	su'anai
料理する者	sudglajukpa_1
焼く : 料理	sudglajukpa
焼き料理	sudglajukpa_2
タグ : 項のタグ	sumtcita
項のタグ	sumtcita
東風	sunbi'e
存在 : 議論領域内	su'oi
弁当 : 容器	tanxebentou
ところで	ta'o
余談	ta'o
逸脱	ta'o
回帰	ta'onai
閑話休題	ta'onai
タップダンス	tapydansu
タップダンサー	tapydansu_1
タップダンスの音楽／リズム	tapydansu_2
展開 : tanru	ta'u
造成 : tanru	ta'unai
村 : 町村区	tcapau
町 : 町村区	tcapau
町村区	tcapau
時間	temci
期間	temci
間隔	temci
稜 : 多面体の	terkubli
辺 : 多面体の	terkubli
面 : 多面体の	terkubli
頂点 : 多面体の	terkubli
暗号鍵 : 暗号	termifckiku
鍵 : 暗号	termifckiku
そうだ : 伝聞	ti'e
らしい : 伝聞	ti'e
伝聞	ti'e
見聞	ti'e
不活性気体 : 不活性ガス	tolfragapci
無理数 : 実数	tolfrinyna'u
平文 : 暗号	tolmifybi'o
復号する : 暗号	tolmifybi'o
暗号文 : 暗号	tolmifybi'o
手短	to'u
全容	to'unai
やってみる	troci
努める	troci
イデオロギー : 政治理念	trusi'o
政治思想	trusi'o
政治理念	trusi'o
さくら : 桜	tsakura
サクラ : 桜	tsakura
桜	tsakura
パイプ	tubnu
チューブ	tubnu
シリンダー : 中空の	tubnu
筒	tubnu
管	tubnu
くるぶし : 足首	tupne'o
足首	tupne'o
踝 : 足首	tupne'o
気づく	ua
発見	ua
獲得	u'a
模索	uanai
損失	u'anai
びっくりする	ue
驚く	ue
驚嘆	ue
畏敬	u'e
平然	uecu'i
無動揺	uecu'i
覚悟	uenai
平凡	u'enai
幸せ	ui
幸福	ui
愉快	u'i
楽しい	u'i
面白い	u'i
悲嘆	uinai
退屈	u'inai
完了	uo
完全	uo
完成	uo
勇気	u'o
おそるおそる	u'ocu'i
内気	u'ocu'i
不十分	uonai
不完全	uonai
未了	uonai
未完成	uonai
臆病	u'onai
同情	uu
哀れむ	uu
哀憫	uu
後悔	u'u
残念	u'u
遺憾	u'u
潔白	u'ucu'i
無実	u'ucu'i
酷虐	uunai
悪意	u'unai
うる : 売る	vecnu
はんばい : 販売	vecnu
品物／商品	vecnu_2
商品	vecnu_2
売る	vecnu
売り手	vecnu_1
売り手／販売員	vecnu_1
売買	vecnu
販売	vecnu
販売員	vecnu
買い手	vecnu_3
買い手／購入者	vecnu_3
費用 : 金額	vecnu_4
費用（額）／出費（額）	vecnu_4
購入者	vecnu
保育	verku'i
保育士	verku'i
保育園	verku'istu
保育所	verku'istu_1
保育所の保育士	verku'istu_3
保育所の子供	verku'istu_2
トイレ : トイレの部屋	vimku'a
便所	vimku'a
化粧室 : トイレの部屋	vimku'a
厠	vimku'a
お手洗い : トイレの部屋	vimku'a
おしめ	vimsivypalku
おむつ	vimsivypalku
オシメ	vimsivypalku
オムツ	vimsivypalku
感染 : 医学	virparji
罹患 : 医学	virparji
見やすい	vispu'a
見栄えが良い	vispu'a
見栄えの良いもの	vispu'a_1
見栄えの良さを感じる者	vispu'a_2
見栄えが良いための条件	vispu'a_3
声	voksa
徳	vu'e
誉れ	vu'e
穢れ	vu'enai
罪	vu'enai
制限対象 : 身体障害があるため制限を受ける事	xadri'u_3
身体障がいのある人	xadri'u
身体障がい児 : 身体障がい者	xadri'u
身体障害	xadri'u_2
身体障害児 : 身体障害者	xadri'u
身体障害者	xadri'u_1
身体障がいのある方	xadri'u
身体障碍者	xadri'u
身体障がい者	xadri'u
両者	xai
彼ら	xai
皆	xai
可 : まあまあである	xamgu
手をつなぐ	xanjaisi'u
手を取る : 手を取り合う	xanjaisi'u
手を取り合う	xanjaisi'u
手を握る : 手を握り合う	xanjaisi'u
手を握り合う	xanjaisi'u
握手	xanjaisi'u
幻	xanri
幻想	xanri
想像する : 空想	xanri_2
架空	xanri
非現実	xanri_1
不特定の数	xo'e
ある数	xo'e
絵本	xracku
キリスト教	xriso
かえる : 帰る、帰っていく／帰ってくる	xrukla
もどる : 戻る、戻っていく／戻ってくる	xrukla
帰る : 帰っていく／帰ってくる	xrukla
帰っていく	xrukla
帰ってくる	xrukla
戻る : 戻っていく／戻ってくる	xrukla
戻っていく	xrukla
戻ってくる	xrukla
真偽質問	xu
臭素 : 化学	xunkliru_1
観察	za'a
宿泊	zasxa'u
宿泊者	zasxa'u_1
泊まる	zasxa'u
滞在	zasxa'u
七言律詩	zelvlabivli'i_1
七言絶句	zelvlavonli'i_1
亜鉛	zinki
ヨウ素 : 化学	zirkliru_1
優る	zmadu
卓越	zmadu
冗談	zo'o
厳粛	zo'onai
典型項疑問	zu'i'a
トウモロコシ : 穀粒	zumri_1
玉蜀黍 : 穀粒	zumri
一方で	zu'u
もう一方で	zu'unai
他方で	zu'unai
